c:\users\cod\documents\lsu\research\code\moon\scm\release\glsl.obj
c:\users\cod\documents\lsu\research\code\moon\scm\release\scm-transfb.obj
c:\users\cod\documents\lsu\research\code\moon\scm\release\scm-task.obj
c:\users\cod\documents\lsu\research\code\moon\scm\release\scm-system.obj
c:\users\cod\documents\lsu\research\code\moon\scm\release\scm-step.obj
c:\users\cod\documents\lsu\research\code\moon\scm\release\scm-sphere.obj
c:\users\cod\documents\lsu\research\code\moon\scm\release\scm-set.obj
c:\users\cod\documents\lsu\research\code\moon\scm\release\scm-scene.obj
c:\users\cod\documents\lsu\research\code\moon\scm\release\scm-sample.obj
c:\users\cod\documents\lsu\research\code\moon\scm\release\scm-render.obj
c:\users\cod\documents\lsu\research\code\moon\scm\release\scm-path.obj
c:\users\cod\documents\lsu\research\code\moon\scm\release\scm-log.obj
c:\users\cod\documents\lsu\research\code\moon\scm\release\scm-label.obj
c:\users\cod\documents\lsu\research\code\moon\scm\release\scm-index.obj
c:\users\cod\documents\lsu\research\code\moon\scm\release\scm-image.obj
c:\users\cod\documents\lsu\research\code\moon\scm\release\scm-frame.obj
c:\users\cod\documents\lsu\research\code\moon\scm\release\scm-file.obj
c:\users\cod\documents\lsu\research\code\moon\scm\release\scm-cache.obj
c:\users\cod\documents\lsu\research\code\moon\scm\release\cl.command.1.tlog
c:\users\cod\documents\lsu\research\code\moon\scm\release\cl.read.1.tlog
c:\users\cod\documents\lsu\research\code\moon\scm\release\cl.write.1.tlog
c:\users\cod\documents\lsu\research\code\moon\scm\release\vc110.pdb
